<?xml version="1.0" encoding="UTF-8"?>
<testsuite xmlns:xsi="http://www.w3.org/2001/XMLSchema-instance" xsi:noNamespaceSchemaLocation="https://maven.apache.org/surefire/maven-surefire-plugin/xsd/surefire-test-report-3.0.xsd" version="3.0" name="in.ashokit.service.test.UserServiceTest" time="0.148" tests="2" errors="0" skipped="0" failures="0">
  <properties>
    <property name="sun.desktop" value="windows"/>
    <property name="awt.toolkit" value="sun.awt.windows.WToolkit"/>
    <property name="file.encoding.pkg" value="sun.io"/>
    <property name="java.specification.version" value="1.8"/>
    <property name="sun.cpu.isalist" value="amd64"/>
    <property name="sun.jnu.encoding" value="Cp1252"/>
    <property name="java.class.path" value="D:\CODING-WORKSPACE\OuterSampleProject\Junit\16-Junit-PowerMock-App\target\test-classes;D:\CODING-WORKSPACE\OuterSampleProject\Junit\16-Junit-PowerMock-App\target\classes;C:\Users\NAYAKAR\.m2\repository\junit\junit\4.13\junit-4.13.jar;C:\Users\NAYAKAR\.m2\repository\org\hamcrest\hamcrest-core\1.3\hamcrest-core-1.3.jar;C:\Users\NAYAKAR\.m2\repository\org\powermock\powermock-module-junit4\1.6.4\powermock-module-junit4-1.6.4.jar;C:\Users\NAYAKAR\.m2\repository\org\powermock\powermock-module-junit4-common\1.6.4\powermock-module-junit4-common-1.6.4.jar;C:\Users\NAYAKAR\.m2\repository\org\powermock\powermock-core\1.6.4\powermock-core-1.6.4.jar;C:\Users\NAYAKAR\.m2\repository\org\javassist\javassist\3.20.0-GA\javassist-3.20.0-GA.jar;C:\Users\NAYAKAR\.m2\repository\org\powermock\powermock-reflect\1.6.4\powermock-reflect-1.6.4.jar;C:\Users\NAYAKAR\.m2\repository\org\powermock\powermock-api-mockito\1.6.4\powermock-api-mockito-1.6.4.jar;C:\Users\NAYAKAR\.m2\repository\org\mockito\mockito-core\1.10.19\mockito-core-1.10.19.jar;C:\Users\NAYAKAR\.m2\repository\org\objenesis\objenesis\2.1\objenesis-2.1.jar;C:\Users\NAYAKAR\.m2\repository\org\powermock\powermock-api-support\1.6.4\powermock-api-support-1.6.4.jar;"/>
    <property name="java.vm.vendor" value="Oracle Corporation"/>
    <property name="sun.arch.data.model" value="64"/>
    <property name="user.variant" value=""/>
    <property name="java.vendor.url" value="http://java.oracle.com/"/>
    <property name="user.timezone" value="Asia/Calcutta"/>
    <property name="java.vm.specification.version" value="1.8"/>
    <property name="os.name" value="Windows 11"/>
    <property name="user.country" value="IN"/>
    <property name="sun.java.launcher" value="SUN_STANDARD"/>
    <property name="sun.boot.library.path" value="C:\Program Files\Java\jdk-1.8\jre\bin"/>
    <property name="sun.java.command" value="C:\Users\NAYAKAR\AppData\Local\Temp\surefire4856972083244103752\surefirebooter-20240522191646622_3.jar C:\Users\NAYAKAR\AppData\Local\Temp\surefire4856972083244103752 2024-05-22T19-16-46_383-jvmRun1 surefire-20240522191646622_1tmp surefire_0-20240522191646622_2tmp"/>
    <property name="surefire.test.class.path" value="D:\CODING-WORKSPACE\OuterSampleProject\Junit\16-Junit-PowerMock-App\target\test-classes;D:\CODING-WORKSPACE\OuterSampleProject\Junit\16-Junit-PowerMock-App\target\classes;C:\Users\NAYAKAR\.m2\repository\junit\junit\4.13\junit-4.13.jar;C:\Users\NAYAKAR\.m2\repository\org\hamcrest\hamcrest-core\1.3\hamcrest-core-1.3.jar;C:\Users\NAYAKAR\.m2\repository\org\powermock\powermock-module-junit4\1.6.4\powermock-module-junit4-1.6.4.jar;C:\Users\NAYAKAR\.m2\repository\org\powermock\powermock-module-junit4-common\1.6.4\powermock-module-junit4-common-1.6.4.jar;C:\Users\NAYAKAR\.m2\repository\org\powermock\powermock-core\1.6.4\powermock-core-1.6.4.jar;C:\Users\NAYAKAR\.m2\repository\org\javassist\javassist\3.20.0-GA\javassist-3.20.0-GA.jar;C:\Users\NAYAKAR\.m2\repository\org\powermock\powermock-reflect\1.6.4\powermock-reflect-1.6.4.jar;C:\Users\NAYAKAR\.m2\repository\org\powermock\powermock-api-mockito\1.6.4\powermock-api-mockito-1.6.4.jar;C:\Users\NAYAKAR\.m2\repository\org\mockito\mockito-core\1.10.19\mockito-core-1.10.19.jar;C:\Users\NAYAKAR\.m2\repository\org\objenesis\objenesis\2.1\objenesis-2.1.jar;C:\Users\NAYAKAR\.m2\repository\org\powermock\powermock-api-support\1.6.4\powermock-api-support-1.6.4.jar;"/>
    <property name="sun.cpu.endian" value="little"/>
    <property name="user.home" value="C:\Users\NAYAKAR"/>
    <property name="user.language" value="en"/>
    <property name="java.specification.vendor" value="Oracle Corporation"/>
    <property name="java.home" value="C:\Program Files\Java\jdk-1.8\jre"/>
    <property name="basedir" value="D:\CODING-WORKSPACE\OuterSampleProject\Junit\16-Junit-PowerMock-App"/>
    <property name="style.color" value="always"/>
    <property name="file.separator" value="\"/>
    <property name="line.separator" value="&#10;"/>
    <property name="java.vm.specification.vendor" value="Oracle Corporation"/>
    <property name="java.specification.name" value="Java Platform API Specification"/>
    <property name="java.awt.graphicsenv" value="sun.awt.Win32GraphicsEnvironment"/>
    <property name="surefire.real.class.path" value="C:\Users\NAYAKAR\AppData\Local\Temp\surefire4856972083244103752\surefirebooter-20240522191646622_3.jar"/>
    <property name="sun.boot.class.path" value="C:\Program Files\Java\jdk-1.8\jre\lib\resources.jar;C:\Program Files\Java\jdk-1.8\jre\lib\rt.jar;C:\Program Files\Java\jdk-1.8\jre\lib\jsse.jar;C:\Program Files\Java\jdk-1.8\jre\lib\jce.jar;C:\Program Files\Java\jdk-1.8\jre\lib\charsets.jar;C:\Program Files\Java\jdk-1.8\jre\lib\jfr.jar;C:\Program Files\Java\jdk-1.8\jre\classes"/>
    <property name="user.script" value=""/>
    <property name="sun.management.compiler" value="HotSpot 64-Bit Tiered Compilers"/>
    <property name="java.runtime.version" value="1.8.0_411-b09"/>
    <property name="user.name" value="NAYAKAR"/>
    <property name="path.separator" value=";"/>
    <property name="os.version" value="10.0"/>
    <property name="java.endorsed.dirs" value="C:\Program Files\Java\jdk-1.8\jre\lib\endorsed"/>
    <property name="java.runtime.name" value="Java(TM) SE Runtime Environment"/>
    <property name="file.encoding" value="Cp1252"/>
    <property name="java.vm.name" value="Java HotSpot(TM) 64-Bit Server VM"/>
    <property name="localRepository" value="C:\Users\NAYAKAR\.m2\repository"/>
    <property name="java.vendor.url.bug" value="http://bugreport.sun.com/bugreport/"/>
    <property name="java.io.tmpdir" value="C:\Users\NAYAKAR\AppData\Local\Temp\"/>
    <property name="java.version" value="1.8.0_411"/>
    <property name="user.dir" value="D:\CODING-WORKSPACE\OuterSampleProject\Junit\16-Junit-PowerMock-App"/>
    <property name="os.arch" value="amd64"/>
    <property name="java.vm.specification.name" value="Java Virtual Machine Specification"/>
    <property name="java.awt.printerjob" value="sun.awt.windows.WPrinterJob"/>
    <property name="sun.os.patch.level" value=""/>
    <property name="java.library.path" value="C:\Program Files\Java\jdk-1.8\jre\bin;C:\Windows\Sun\Java\bin;C:\Windows\system32;C:\Windows;D:/software/Coding IDE/sts-4.22.1.RELEASE//plugins/org.eclipse.justj.openjdk.hotspot.jre.full.win32.x86_64_17.0.11.v20240426-1830/jre/bin/server;D:/software/Coding IDE/sts-4.22.1.RELEASE//plugins/org.eclipse.justj.openjdk.hotspot.jre.full.win32.x86_64_17.0.11.v20240426-1830/jre/bin;C:\Program Files\Java\jdk-1.8\bin;C:\Program Files (x86)\Common Files\Oracle\Java\javapath;C:\Windows\system32;C:\Windows;C:\Windows\System32\Wbem;C:\Windows\System32\WindowsPowerShell\v1.0\;C:\Windows\System32\OpenSSH\;C:\Program Files\Git\cmd;C:\Program Files\MySQL\MySQL Shell 8.0\bin\;C:\Users\NAYAKAR\AppData\Local\Microsoft\WindowsApps;;C:\Program Files\JetBrains\IntelliJ IDEA Community Edition 2024.1.1\bin;;D:\software\Coding IDE\sts-4.22.1.RELEASE;;."/>
    <property name="java.vm.info" value="mixed mode"/>
    <property name="java.vendor" value="Oracle Corporation"/>
    <property name="java.vm.version" value="25.411-b09"/>
    <property name="java.specification.maintenance.version" value="5"/>
    <property name="java.ext.dirs" value="C:\Program Files\Java\jdk-1.8\jre\lib\ext;C:\Windows\Sun\Java\lib\ext"/>
    <property name="sun.io.unicode.encoding" value="UnicodeLittle"/>
    <property name="java.class.version" value="52.0"/>
  </properties>
  <testcase name="loginTest" classname="in.ashokit.service.test.UserServiceTest" time="0.107"/>
  <testcase name="getNameTest" classname="in.ashokit.service.test.UserServiceTest" time="0.0"/>
</testsuite>